<?xml version="1.0" encoding="UTF-8"?>
<robot generator="Robot 3.1.2 (Python 3.8.1 on win32)" generated="20200221 16:57:57.026" rpa="false">
<suite id="s1" name="TestSitePractice" source="C:\Projects\SuiteSiteTestPractice\tests\TestSitePractice.robot">
<test id="s1-t1" name="Case Test 01: Find existing product">
<kw name="Abrir navegador" library="Resource" type="setup">
<kw name="Open Browser" library="SeleniumLibrary">
<doc>Opens a new browser instance to the optional ``url``.</doc>
<arguments>
<arg>about:blank</arg>
<arg>${BROWSER}</arg>
</arguments>
<msg timestamp="20200221 16:57:57.329" level="INFO">Opening browser 'firefox' to base url 'about:blank'.</msg>
<msg timestamp="20200221 16:57:57.330" level="INFO">Firefox driver log is always forced to to: C:\Projects\SuiteSiteTestPractice\geckodriver-2.log</msg>
<kw name="Capture Page Screenshot" library="SeleniumLibrary">
<doc>Takes a screenshot of the current page and embeds it into a log file.</doc>
<status status="FAIL" starttime="20200221 16:58:10.296" endtime="20200221 16:58:10.297"></status>
</kw>
<msg timestamp="20200221 16:58:10.297" level="WARN">Keyword 'Capture Page Screenshot' could not be run on failure: Execution terminated by signal</msg>
<status status="FAIL" starttime="20200221 16:57:57.328" endtime="20200221 16:58:10.300"></status>
</kw>
<status status="FAIL" starttime="20200221 16:57:57.328" endtime="20200221 16:58:10.300"></status>
</kw>
<kw name="Fechar navegador" library="Resource" type="teardown">
<kw name="Close Browser" library="SeleniumLibrary">
<doc>Closes the current browser.</doc>
<status status="PASS" starttime="20200221 16:58:10.301" endtime="20200221 16:58:10.301"></status>
</kw>
<status status="PASS" starttime="20200221 16:58:10.301" endtime="20200221 16:58:10.301"></status>
</kw>
<status status="FAIL" starttime="20200221 16:57:57.327" endtime="20200221 16:58:10.302" critical="yes">Setup failed:
Execution terminated by signal</status>
</test>
<status status="FAIL" starttime="20200221 16:57:57.028" endtime="20200221 16:58:10.304"></status>
</suite>
<statistics>
<total>
<stat pass="0" fail="1">Critical Tests</stat>
<stat pass="0" fail="1">All Tests</stat>
</total>
<tag>
</tag>
<suite>
<stat pass="0" fail="1" id="s1" name="TestSitePractice">TestSitePractice</stat>
</suite>
</statistics>
<errors>
<msg timestamp="20200221 16:58:10.297" level="WARN">Keyword 'Capture Page Screenshot' could not be run on failure: Execution terminated by signal</msg>
</errors>
</robot>
