<?xml version="1.0" encoding="UTF-8"?>
<robot generator="Robot 3.1.2 (Python 3.8.1 on win32)" generated="20200221 15:16:43.527" rpa="false">
<suite id="s1" name="TestSitePractice" source="C:\Projects\SuiteSiteTestPractice\tests\TestSitePractice.robot">
<test id="s1-t1" name="Case Test 01: Find existing product">
<kw name="Abrir navegador" library="Resource" type="setup">
<kw name="Open Browser" library="SeleniumLibrary">
<doc>Opens a new browser instance to the optional ``url``.</doc>
<arguments>
<arg>about:blank</arg>
<arg>${BROWSER}</arg>
</arguments>
<msg timestamp="20200221 15:16:43.776" level="INFO">Opening browser 'chrome' to base url 'about:blank'.</msg>
<status status="PASS" starttime="20200221 15:16:43.775" endtime="20200221 15:16:46.120"></status>
</kw>
<status status="PASS" starttime="20200221 15:16:43.775" endtime="20200221 15:16:46.120"></status>
</kw>
<kw name="Access the home page of the website" library="Resource">
<kw name="Go To" library="SeleniumLibrary">
<doc>Navigates the current browser window to the provided ``url``.</doc>
<arguments>
<arg>http://automationpractice.com/</arg>
</arguments>
<msg timestamp="20200221 15:16:46.122" level="INFO">Opening url 'http://automationpractice.com/'</msg>
<status status="PASS" starttime="20200221 15:16:46.121" endtime="20200221 15:16:50.732"></status>
</kw>
<kw name="Title Should Be" library="SeleniumLibrary">
<doc>Verifies that the current page title equals ``title``.</doc>
<arguments>
<arg>My Store</arg>
</arguments>
<msg timestamp="20200221 15:16:50.741" level="INFO">Page title is 'My Store'.</msg>
<status status="PASS" starttime="20200221 15:16:50.732" endtime="20200221 15:16:50.741"></status>
</kw>
<status status="PASS" starttime="20200221 15:16:46.121" endtime="20200221 15:16:50.742"></status>
</kw>
<kw name="Type the product name &quot;itemNotExist&quot; in the search field" library="Resource">
<kw name="Input Text" library="SeleniumLibrary">
<doc>Types the given ``text`` into the text field identified by ``locator``.</doc>
<arguments>
<arg>id=search_query_top</arg>
<arg>${PRODUCT}</arg>
</arguments>
<msg timestamp="20200221 15:16:50.743" level="INFO">Typing text 'itemNotExist' into text field 'id=search_query_top'.</msg>
<status status="PASS" starttime="20200221 15:16:50.743" endtime="20200221 15:16:50.991"></status>
</kw>
<status status="PASS" starttime="20200221 15:16:50.742" endtime="20200221 15:16:50.992"></status>
</kw>
<kw name="Click in the search button" library="Resource">
<kw name="Click Element" library="SeleniumLibrary">
<doc>Click the element identified by ``locator``.</doc>
<arguments>
<arg>name=submit_search</arg>
</arguments>
<msg timestamp="20200221 15:16:50.993" level="INFO">Clicking element 'name=submit_search'.</msg>
<status status="PASS" starttime="20200221 15:16:50.993" endtime="20200221 15:16:51.571"></status>
</kw>
<status status="PASS" starttime="20200221 15:16:50.992" endtime="20200221 15:16:51.572"></status>
</kw>
<kw name="Check message of error &quot;No results were found for your search &quot;itemNotExist&quot;&quot;" library="Resource">
<kw name="Wait Until Element Is Visible" library="SeleniumLibrary">
<doc>Waits until the element ``locator`` is visible.</doc>
<arguments>
<arg>//*[@id="center_column"]/p[@class='alert alert-warning']</arg>
</arguments>
<status status="PASS" starttime="20200221 15:16:51.584" endtime="20200221 15:16:51.935"></status>
</kw>
<kw name="Element Text Should Be" library="SeleniumLibrary">
<doc>Verifies that element ``locator`` contains exact the text ``expected``.</doc>
<arguments>
<arg>//*[@id="center_column"]/p[@class='alert alert-warning']</arg>
<arg>${MENSAGEM_ALERTA}</arg>
</arguments>
<msg timestamp="20200221 15:16:51.936" level="INFO">Verifying element '//*[@id="center_column"]/p[@class='alert alert-warning']' contains exact text 'No results were found for your search "itemNotExist"'.</msg>
<status status="PASS" starttime="20200221 15:16:51.935" endtime="20200221 15:16:51.996"></status>
</kw>
<status status="PASS" starttime="20200221 15:16:51.583" endtime="20200221 15:16:51.996"></status>
</kw>
<kw name="Fechar navegador" library="Resource" type="teardown">
<kw name="Close Browser" library="SeleniumLibrary">
<doc>Closes the current browser.</doc>
<status status="PASS" starttime="20200221 15:16:52.002" endtime="20200221 15:16:54.861"></status>
</kw>
<status status="PASS" starttime="20200221 15:16:52.002" endtime="20200221 15:16:54.861"></status>
</kw>
<status status="PASS" starttime="20200221 15:16:43.774" endtime="20200221 15:16:54.862" critical="yes"></status>
</test>
<status status="PASS" starttime="20200221 15:16:43.529" endtime="20200221 15:16:54.863"></status>
</suite>
<statistics>
<total>
<stat pass="1" fail="0">Critical Tests</stat>
<stat pass="1" fail="0">All Tests</stat>
</total>
<tag>
</tag>
<suite>
<stat pass="1" fail="0" id="s1" name="TestSitePractice">TestSitePractice</stat>
</suite>
</statistics>
<errors>
</errors>
</robot>
