<?xml version="1.0" encoding="UTF-8"?>
<robot generator="Robot 3.1.2 (Python 3.8.1 on win32)" generated="20200221 17:20:30.896" rpa="false">
<suite id="s1" name="TestSitePracticeBDD" source="C:\Projects\SuiteSiteTestPractice\tests\TestSitePracticeBDD.robot">
<test id="s1-t1" name="Scenario 01: Find existing product">
<kw name="Abrir navegador" library="Resource" type="setup">
<kw name="Open Browser" library="SeleniumLibrary">
<doc>Opens a new browser instance to the optional ``url``.</doc>
<arguments>
<arg>about:blank</arg>
<arg>${BROWSER}</arg>
</arguments>
<msg timestamp="20200221 17:20:31.155" level="INFO">Opening browser 'chrome' to base url 'about:blank'.</msg>
<status status="PASS" starttime="20200221 17:20:31.155" endtime="20200221 17:20:33.558"></status>
</kw>
<status status="PASS" starttime="20200221 17:20:31.155" endtime="20200221 17:20:33.559"></status>
</kw>
<kw name="Give that I am in the home page of the website">
<kw name="Access the home page of the website" library="Resource">
<kw name="Go To" library="SeleniumLibrary">
<doc>Navigates the current browser window to the provided ``url``.</doc>
<arguments>
<arg>http://automationpractice.com/</arg>
</arguments>
<msg timestamp="20200221 17:20:33.565" level="INFO">Opening url 'http://automationpractice.com/'</msg>
<status status="PASS" starttime="20200221 17:20:33.564" endtime="20200221 17:20:37.781"></status>
</kw>
<kw name="Title Should Be" library="SeleniumLibrary">
<doc>Verifies that the current page title equals ``title``.</doc>
<arguments>
<arg>My Store</arg>
</arguments>
<msg timestamp="20200221 17:20:37.789" level="INFO">Page title is 'My Store'.</msg>
<status status="PASS" starttime="20200221 17:20:37.781" endtime="20200221 17:20:37.789"></status>
</kw>
<status status="PASS" starttime="20200221 17:20:33.563" endtime="20200221 17:20:37.789"></status>
</kw>
<status status="PASS" starttime="20200221 17:20:33.563" endtime="20200221 17:20:37.789"></status>
</kw>
<kw name="When I search for the product &quot;Blouse&quot;">
<kw name="Type the product name &quot;${PRODUCT}&quot; in the search field" library="Resource">
<kw name="Input Text" library="SeleniumLibrary">
<doc>Types the given ``text`` into the text field identified by ``locator``.</doc>
<arguments>
<arg>id=search_query_top</arg>
<arg>${PRODUCT}</arg>
</arguments>
<msg timestamp="20200221 17:20:37.791" level="INFO">Typing text 'Blouse' into text field 'id=search_query_top'.</msg>
<status status="PASS" starttime="20200221 17:20:37.791" endtime="20200221 17:20:38.178"></status>
</kw>
<status status="PASS" starttime="20200221 17:20:37.790" endtime="20200221 17:20:38.178"></status>
</kw>
<kw name="Click in the search button" library="Resource">
<kw name="Click Element" library="SeleniumLibrary">
<doc>Click the element identified by ``locator``.</doc>
<arguments>
<arg>name=submit_search</arg>
</arguments>
<msg timestamp="20200221 17:20:38.179" level="INFO">Clicking element 'name=submit_search'.</msg>
<status status="PASS" starttime="20200221 17:20:38.179" endtime="20200221 17:20:38.835"></status>
</kw>
<status status="PASS" starttime="20200221 17:20:38.178" endtime="20200221 17:20:38.836"></status>
</kw>
<status status="PASS" starttime="20200221 17:20:37.790" endtime="20200221 17:20:38.836"></status>
</kw>
<kw name="Then the product &quot;Blouse&quot; must be listed on the search result page">
<kw name="Check if the product &quot;${PRODUCT}&quot; was listed on the website" library="Resource">
<kw name="Wait Until Element Is Visible" library="SeleniumLibrary">
<doc>Waits until the element ``locator`` is visible.</doc>
<arguments>
<arg>css=#center_column &gt; h1</arg>
</arguments>
<status status="PASS" starttime="20200221 17:20:38.839" endtime="20200221 17:20:39.259"></status>
</kw>
<kw name="Title Should Be" library="SeleniumLibrary">
<doc>Verifies that the current page title equals ``title``.</doc>
<arguments>
<arg>Search - My Store</arg>
</arguments>
<msg timestamp="20200221 17:20:39.278" level="INFO">Page title is 'Search - My Store'.</msg>
<status status="PASS" starttime="20200221 17:20:39.259" endtime="20200221 17:20:39.278"></status>
</kw>
<kw name="Page Should Contain Image" library="SeleniumLibrary">
<doc>Verifies image identified by ``locator`` is found from current page.</doc>
<arguments>
<arg>xpath=//*[@id="center_column"]//*[@src="${URL}/img/p/7/7-home_default.jpg"]</arg>
</arguments>
<kw name="Capture Page Screenshot" library="SeleniumLibrary">
<doc>Takes a screenshot of the current page and embeds it into a log file.</doc>
<msg timestamp="20200221 17:20:39.716" level="INFO" html="yes">&lt;/td&gt;&lt;/tr&gt;&lt;tr&gt;&lt;td colspan="3"&gt;&lt;a href="selenium-screenshot-11.png"&gt;&lt;img src="selenium-screenshot-11.png" width="800px"&gt;&lt;/a&gt;</msg>
<status status="PASS" starttime="20200221 17:20:39.377" endtime="20200221 17:20:39.716"></status>
</kw>
<msg timestamp="20200221 17:20:39.719" level="FAIL">Page should have contained image 'xpath=//*[@id="center_column"]//*[@src="http://automationpractice.com/index.php/img/p/7/7-home_default.jpg"]' but did not.</msg>
<status status="FAIL" starttime="20200221 17:20:39.278" endtime="20200221 17:20:39.719"></status>
</kw>
<status status="FAIL" starttime="20200221 17:20:38.838" endtime="20200221 17:20:39.720"></status>
</kw>
<status status="FAIL" starttime="20200221 17:20:38.837" endtime="20200221 17:20:39.720"></status>
</kw>
<kw name="Fechar navegador" library="Resource" type="teardown">
<kw name="Close Browser" library="SeleniumLibrary">
<doc>Closes the current browser.</doc>
<status status="PASS" starttime="20200221 17:20:39.721" endtime="20200221 17:20:42.026"></status>
</kw>
<status status="PASS" starttime="20200221 17:20:39.720" endtime="20200221 17:20:42.027"></status>
</kw>
<status status="FAIL" starttime="20200221 17:20:31.154" endtime="20200221 17:20:42.028" critical="yes">Page should have contained image 'xpath=//*[@id="center_column"]//*[@src="http://automationpractice.com/index.php/img/p/7/7-home_default.jpg"]' but did not.</status>
</test>
<test id="s1-t2" name="Scenario 02 : Find not existing product">
<kw name="Abrir navegador" library="Resource" type="setup">
<kw name="Open Browser" library="SeleniumLibrary">
<doc>Opens a new browser instance to the optional ``url``.</doc>
<arguments>
<arg>about:blank</arg>
<arg>${BROWSER}</arg>
</arguments>
<msg timestamp="20200221 17:20:42.041" level="INFO">Opening browser 'chrome' to base url 'about:blank'.</msg>
<status status="PASS" starttime="20200221 17:20:42.040" endtime="20200221 17:20:44.379"></status>
</kw>
<status status="PASS" starttime="20200221 17:20:42.038" endtime="20200221 17:20:44.379"></status>
</kw>
<kw name="Give that I am in the home page of the website">
<kw name="Access the home page of the website" library="Resource">
<kw name="Go To" library="SeleniumLibrary">
<doc>Navigates the current browser window to the provided ``url``.</doc>
<arguments>
<arg>http://automationpractice.com/</arg>
</arguments>
<msg timestamp="20200221 17:20:44.383" level="INFO">Opening url 'http://automationpractice.com/'</msg>
<status status="PASS" starttime="20200221 17:20:44.382" endtime="20200221 17:20:48.752"></status>
</kw>
<kw name="Title Should Be" library="SeleniumLibrary">
<doc>Verifies that the current page title equals ``title``.</doc>
<arguments>
<arg>My Store</arg>
</arguments>
<msg timestamp="20200221 17:20:48.766" level="INFO">Page title is 'My Store'.</msg>
<status status="PASS" starttime="20200221 17:20:48.752" endtime="20200221 17:20:48.766"></status>
</kw>
<status status="PASS" starttime="20200221 17:20:44.382" endtime="20200221 17:20:48.766"></status>
</kw>
<status status="PASS" starttime="20200221 17:20:44.381" endtime="20200221 17:20:48.766"></status>
</kw>
<kw name="When I search for the product &quot;itemNotExist&quot;">
<kw name="Type the product name &quot;${PRODUCT}&quot; in the search field" library="Resource">
<kw name="Input Text" library="SeleniumLibrary">
<doc>Types the given ``text`` into the text field identified by ``locator``.</doc>
<arguments>
<arg>id=search_query_top</arg>
<arg>${PRODUCT}</arg>
</arguments>
<msg timestamp="20200221 17:20:48.769" level="INFO">Typing text 'itemNotExist' into text field 'id=search_query_top'.</msg>
<status status="PASS" starttime="20200221 17:20:48.768" endtime="20200221 17:20:49.011"></status>
</kw>
<status status="PASS" starttime="20200221 17:20:48.768" endtime="20200221 17:20:49.011"></status>
</kw>
<kw name="Click in the search button" library="Resource">
<kw name="Click Element" library="SeleniumLibrary">
<doc>Click the element identified by ``locator``.</doc>
<arguments>
<arg>name=submit_search</arg>
</arguments>
<msg timestamp="20200221 17:20:49.012" level="INFO">Clicking element 'name=submit_search'.</msg>
<status status="PASS" starttime="20200221 17:20:49.012" endtime="20200221 17:20:49.765"></status>
</kw>
<status status="PASS" starttime="20200221 17:20:49.011" endtime="20200221 17:20:49.765"></status>
</kw>
<status status="PASS" starttime="20200221 17:20:48.767" endtime="20200221 17:20:49.766"></status>
</kw>
<kw name="Then the page must be display the message &quot;No results were found for your search &quot;itemNotExist&quot;&quot;">
<kw name="Check message of error &quot;${MENSAGEM_ALERTA}&quot;" library="Resource">
<kw name="Wait Until Element Is Visible" library="SeleniumLibrary">
<doc>Waits until the element ``locator`` is visible.</doc>
<arguments>
<arg>//*[@id="center_column"]/p[@class='alert alert-warning']</arg>
</arguments>
<status status="PASS" starttime="20200221 17:20:49.768" endtime="20200221 17:20:50.128"></status>
</kw>
<kw name="Element Text Should Be" library="SeleniumLibrary">
<doc>Verifies that element ``locator`` contains exact the text ``expected``.</doc>
<arguments>
<arg>//*[@id="center_column"]/p[@class='alert alert-warning']</arg>
<arg>${MENSAGEM_ALERTA}</arg>
</arguments>
<msg timestamp="20200221 17:20:50.129" level="INFO">Verifying element '//*[@id="center_column"]/p[@class='alert alert-warning']' contains exact text 'No results were found for your search "itemNotExist"'.</msg>
<status status="PASS" starttime="20200221 17:20:50.128" endtime="20200221 17:20:50.155"></status>
</kw>
<status status="PASS" starttime="20200221 17:20:49.767" endtime="20200221 17:20:50.155"></status>
</kw>
<status status="PASS" starttime="20200221 17:20:49.766" endtime="20200221 17:20:50.155"></status>
</kw>
<kw name="Fechar navegador" library="Resource" type="teardown">
<kw name="Close Browser" library="SeleniumLibrary">
<doc>Closes the current browser.</doc>
<status status="PASS" starttime="20200221 17:20:50.156" endtime="20200221 17:20:52.437"></status>
</kw>
<status status="PASS" starttime="20200221 17:20:50.156" endtime="20200221 17:20:52.437"></status>
</kw>
<status status="PASS" starttime="20200221 17:20:42.035" endtime="20200221 17:20:52.438" critical="yes"></status>
</test>
<status status="FAIL" starttime="20200221 17:20:30.897" endtime="20200221 17:20:52.441"></status>
</suite>
<statistics>
<total>
<stat pass="1" fail="1">Critical Tests</stat>
<stat pass="1" fail="1">All Tests</stat>
</total>
<tag>
</tag>
<suite>
<stat pass="1" fail="1" id="s1" name="TestSitePracticeBDD">TestSitePracticeBDD</stat>
</suite>
</statistics>
<errors>
</errors>
</robot>
